<?xml version="1.0" encoding="UTF-8"?>
<!-- Generated by org.testng.reporters.JUnitReportReporter -->
<testsuite hostname="CDACLAB-103" failures="0" tests="1" name="com.testng.NewTest2" time="4.626" errors="0" timestamp="2024-01-12T14:35:22 IST" skipped="0">
  <testcase classname="com.testng.NewTest2" name="f" time="4.626"/>
</testsuite> <!-- com.testng.NewTest2 -->
